<?xml version="1.0" encoding="UTF-8"?>
<!-- Generated by org.testng.reporters.JUnitXMLReporter -->
<testsuite hostname="DESKTOP-ORR5EQK" name="Test4DataProvider" tests="4" failures="0" timestamp="9 Apr 2018 07:09:08 GMT" time="56.697" errors="0">
  <testcase name="initCheck" time="0.139" classname="com.cmic.GoAppiumTest.dataprovider.CheckSearch"/>
  <testcase name="searchDataProvider" time="9.867" classname="com.cmic.GoAppiumTest.dataprovider.CheckSearch"/>
  <testcase name="searchDataProvider" time="8.31" classname="com.cmic.GoAppiumTest.dataprovider.CheckSearch"/>
  <testcase name="searchDataProvider" time="8.33" classname="com.cmic.GoAppiumTest.dataprovider.CheckSearch"/>
</testsuite> <!-- Test4DataProvider -->
